  main.cpp
D:\opencv\opencv\build\include\opencv2\imgcodecs.hpp(1,1): warning C4819: 该文件包含不能在当前代码页(936)中表示的字符。请将该文件保存为 Unicode 格式以防止数据丢失
  (编译源文件“main.cpp”)
  
D:\Eigen\eigen-3.4.0\Eigen\src\Core\arch\Default\Half.h(1,1): warning C4819: 该文件包含不能在当前代码页(936)中表示的字符。请将该文件保存为 Unicode 格式以防止数据丢失
  (编译源文件“main.cpp”)
  
D:\Eigen\eigen-3.4.0\Eigen\src\Core\arch\Default\BFloat16.h(1,1): warning C4819: 该文件包含不能在当前代码页(936)中表示的字符。请将该文件保存为 Unicode 格式以防止数据丢失
  (编译源文件“main.cpp”)
  
D:\Eigen\eigen-3.4.0\Eigen\src\Core\arch\Default\GenericPacketMathFunctions.h(676,1): warning C4819: 该文件包含不能在当前代码页(936)中表示的字符。请将该文件保存为 Unicode 格式以防止数据丢失
  (编译源文件“main.cpp”)
  
D:\vs2022project\Games101\Games101\OBJ_Loader.h(951,33): warning C4244: “初始化”: 从“double”转换到“float”，可能丢失数据
  (编译源文件“main.cpp”)
  
D:\vs2022project\Games101\Games101\main.cpp(28,27): warning C4244: “=”: 从“double”转换到“float”，可能丢失数据
D:\vs2022project\Games101\Games101\main.cpp(52,20): warning C4244: “初始化”: 从“double”转换到“float”，可能丢失数据
D:\vs2022project\Games101\Games101\main.cpp(98,56): warning C4305: “参数”: 从“double”到“const float”截断
D:\vs2022project\Games101\Games101\main.cpp(98,49): warning C4305: “参数”: 从“double”到“const float”截断
D:\vs2022project\Games101\Games101\main.cpp(98,42): warning C4305: “参数”: 从“double”到“const float”截断
D:\vs2022project\Games101\Games101\main.cpp(100,58): warning C4305: “参数”: 从“double”到“const float”截断
D:\vs2022project\Games101\Games101\main.cpp(100,50): warning C4305: “参数”: 从“double”到“const float”截断
D:\vs2022project\Games101\Games101\main.cpp(100,42): warning C4305: “参数”: 从“double”到“const float”截断
D:\vs2022project\Games101\Games101\main.cpp(145,56): warning C4305: “参数”: 从“double”到“const float”截断
D:\vs2022project\Games101\Games101\main.cpp(145,49): warning C4305: “参数”: 从“double”到“const float”截断
D:\vs2022project\Games101\Games101\main.cpp(145,42): warning C4305: “参数”: 从“double”到“const float”截断
D:\vs2022project\Games101\Games101\main.cpp(147,58): warning C4305: “参数”: 从“double”到“const float”截断
D:\vs2022project\Games101\Games101\main.cpp(147,50): warning C4305: “参数”: 从“double”到“const float”截断
D:\vs2022project\Games101\Games101\main.cpp(147,42): warning C4305: “参数”: 从“double”到“const float”截断
D:\vs2022project\Games101\Games101\main.cpp(192,56): warning C4305: “参数”: 从“double”到“const float”截断
D:\vs2022project\Games101\Games101\main.cpp(192,49): warning C4305: “参数”: 从“double”到“const float”截断
D:\vs2022project\Games101\Games101\main.cpp(192,42): warning C4305: “参数”: 从“double”到“const float”截断
D:\vs2022project\Games101\Games101\main.cpp(194,58): warning C4305: “参数”: 从“double”到“const float”截断
D:\vs2022project\Games101\Games101\main.cpp(194,50): warning C4305: “参数”: 从“double”到“const float”截断
D:\vs2022project\Games101\Games101\main.cpp(194,42): warning C4305: “参数”: 从“double”到“const float”截断
D:\vs2022project\Games101\Games101\main.cpp(219,14): warning C4305: “初始化”: 从“double”到“float”截断
D:\vs2022project\Games101\Games101\main.cpp(219,24): warning C4305: “初始化”: 从“double”到“float”截断
D:\vs2022project\Games101\Games101\main.cpp(234,13): warning C4244: “初始化”: 从“int”转换到“float”，可能丢失数据
D:\vs2022project\Games101\Games101\main.cpp(235,13): warning C4244: “初始化”: 从“int”转换到“float”，可能丢失数据
D:\vs2022project\Games101\Games101\main.cpp(274,56): warning C4305: “参数”: 从“double”到“const float”截断
D:\vs2022project\Games101\Games101\main.cpp(274,49): warning C4305: “参数”: 从“double”到“const float”截断
D:\vs2022project\Games101\Games101\main.cpp(274,42): warning C4305: “参数”: 从“double”到“const float”截断
D:\vs2022project\Games101\Games101\main.cpp(276,58): warning C4305: “参数”: 从“double”到“const float”截断
D:\vs2022project\Games101\Games101\main.cpp(276,50): warning C4305: “参数”: 从“double”到“const float”截断
D:\vs2022project\Games101\Games101\main.cpp(276,42): warning C4305: “参数”: 从“double”到“const float”截断
D:\vs2022project\Games101\Games101\main.cpp(292,14): warning C4305: “初始化”: 从“double”到“float”截断
D:\vs2022project\Games101\Games101\main.cpp(292,24): warning C4305: “初始化”: 从“double”到“float”截断
D:\vs2022project\Games101\Games101\main.cpp(307,13): warning C4244: “初始化”: 从“int”转换到“float”，可能丢失数据
D:\vs2022project\Games101\Games101\main.cpp(308,13): warning C4244: “初始化”: 从“int”转换到“float”，可能丢失数据
D:\vs2022project\Games101\Games101\main.cpp(404,57): warning C4305: “参数”: 从“double”到“float”截断
D:\vs2022project\Games101\Games101\main.cpp(422,57): warning C4305: “参数”: 从“double”到“float”截断
D:\vs2022project\Games101\Games101\main.cpp(436,22): warning C4305: “-=”: 从“double”到“float”截断
D:\vs2022project\Games101\Games101\main.cpp(440,22): warning C4305: “+=”: 从“double”到“float”截断
  Games101.vcxproj -> D:\vs2022project\Games101\x64\Debug\Games101.exe
